<?xml version="1.0" encoding="UTF-8"?>
<testng-results skipped="0" failed="0" ignored="0" total="1" passed="1">
  <reporter-output>
  </reporter-output>
  <suite name="Default suite" duration-ms="79443" started-at="2018-09-19T14:21:56Z" finished-at="2018-09-19T14:23:16Z">
    <groups>
    </groups>
    <test name="Default test" duration-ms="79443" started-at="2018-09-19T14:21:56Z" finished-at="2018-09-19T14:23:16Z">
      <class name="org.Google.Scripts.Searchtext">
        <test-method status="PASS" signature="initial()[pri:0, instance:org.Google.Scripts.Searchtext@27a8c74e]" name="initial" is-config="true" duration-ms="53118" started-at="2018-09-19T14:21:56Z" finished-at="2018-09-19T14:22:50Z">
          <reporter-output>
          </reporter-output>
        </test-method> <!-- initial -->
        <test-method status="PASS" signature="test()[pri:0, instance:org.Google.Scripts.Searchtext@27a8c74e]" name="test" duration-ms="25212" started-at="2018-09-19T14:22:50Z" finished-at="2018-09-19T14:23:15Z">
          <reporter-output>
          </reporter-output>
        </test-method> <!-- test -->
        <test-method status="PASS" signature="closebrowser()[pri:0, instance:org.Google.Scripts.Searchtext@27a8c74e]" name="closebrowser" is-config="true" duration-ms="1088" started-at="2018-09-19T14:23:15Z" finished-at="2018-09-19T14:23:16Z">
          <reporter-output>
          </reporter-output>
        </test-method> <!-- closebrowser -->
      </class> <!-- org.Google.Scripts.Searchtext -->
    </test> <!-- Default test -->
  </suite> <!-- Default suite -->
</testng-results>
